Arguments: 
  C:\Program Files\nodejs\node.exe C:\Users\dieud\AppData\Roaming\npm\node_modules\yarn\bin\yarn.js

PATH: 
  C:\Program Files (x86)\Intel\iCLS Client\;C:\Program Files\Intel\iCLS Client\;C:\windows\system32;C:\windows;C:\windows\System32\Wbem;C:\windows\System32\WindowsPowerShell\v1.0\;C:\Program Files (x86)\Intel\Intel(R) Management Engine Components\DAL;C:\Program Files\Intel\Intel(R) Management Engine Components\DAL;C:\Program Files (x86)\Intel\Intel(R) Management Engine Components\IPT;C:\Program Files\Intel\Intel(R) Management Engine Components\IPT;C:\Program Files (x86)\NVIDIA Corporation\PhysX\Common;c:\Program Files\Intel\WiFi\bin\;c:\Program Files\Common Files\Intel\WirelessCommon\;C:\WINDOWS\system32;C:\WINDOWS;C:\WINDOWS\System32\Wbem;C:\WINDOWS\System32\WindowsPowerShell\v1.0\;C:\WINDOWS\System32\OpenSSH\;C:\xampp\php;C:\ProgramData\ComposerSetup\bin;C:\Program Files\nodejs\;C:\Users\dieud\AppData\Local\Programs\Python\Python39\Scripts\;C:\Users\dieud\AppData\Local\Programs\Python\Python39\;C:\Users\dieud\AppData\Local\Microsoft\WindowsApps;C:\Users\dieud\AppData\Roaming\npm;C:\Users\dieud\AppData\Local\Programs\Microsoft VS Code\bin;C:\Users\dieud\AppData\Local\Programs\Git\cmd;C:\Program Files\heroku\bin

Yarn version: 
  1.22.10

Node version: 
  14.15.0

Platform: 
  win32 x64

Trace: 
  Error: EPERM: operation not permitted, unlink 'C:\Users\dieud\Documents\react-tree-Timeline\node_modules\node-sass\vendor\win32-x64-83\binding.node'

npm manifest: 
  {
      "name": "react-tree-Timeline",
      "version": "1.0.0",
      "description": "A react component to display Timeline and other events in a tree like manner.",
      "main": "build/index.js",
      "scripts": {
          "test": "npm run test",
          "build": "rollup -c",
          "storybook": "start-storybook -p 6006",
          "storybook:export": "build-storybook"
      },
      "repository": {
          "type": "git",
          "url": "git+https://github.com/ddnazzah/react-tree-Timeline.git"
      },
      "keywords": [
          "React",
          "Typescript",
          "Jest",
          "Enzyme"
      ],
      "author": "Dieu-Donne Nazzah",
      "license": "MIT",
      "bugs": {
          "url": "https://github.com/ddnazzah/react-tree-Timeline/issues"
      },
      "homepage": "https://github.com/ddnazzah/react-tree-Timeline#readme",
      "devDependencies": {
          "@babel/core": "^7.12.3",
          "@rollup/plugin-commonjs": "^16.0.0",
          "@rollup/plugin-node-resolve": "^10.0.0",
          "@storybook/react": "^6.0.28",
          "@types/react": "^16.9.56",
          "babel-loader": "^8.1.0",
          "babel-preset-react-app": "^10.0.0",
          "react": "^17.0.1",
          "react-dom": "^17.0.1",
          "rollup": "^2.33.1",
          "rollup-plugin-peer-deps-external": "^2.2.4",
          "rollup-plugin-postcss": "^3.1.8",
          "rollup-plugin-typescript2": "^0.29.0",
          "sass-loader": "^10.0.5",
          "typescript": "^4.0.5"
      },
      "peerDependencies": {
          "react": "^17.0.1",
          "react-dom": "^17.0.1"
      },
      "resolutions": {
          "react": "^17.0.1",
          "react-dom": "^17.0.1"
      },
      "module": "build/index.es.js",
      "files": [
          "build"
      ]
  }

yarn manifest: 
  No manifest

Lockfile: 
  No lockfile
